*** Starting uWSGI 2.0.15 (64bit) on [Thu Nov  9 20:50:05 2017] ***
compiled with version: 4.2.1 Compatible Apple LLVM 9.0.0 (clang-900.0.38) on 08 November 2017 11:52:46
os: Darwin-16.7.0 Darwin Kernel Version 16.7.0: Thu Jun 15 17:36:27 PDT 2017; root:xnu-3789.70.16~2/RELEASE_X86_64
nodename: nanmuqingchengdeMacBook-Pro.local
machine: x86_64
clock source: unix
detected number of CPU cores: 4
current working directory: /Users/nanmuqingcheng/Desktop/ttsx/ttsx
writing pidfile to uwsgi.pid
detected binary path: /Users/nanmuqingcheng/Desktop/data/virtual/py_django/bin/uwsgi
!!! no internal routing support, rebuild with pcre support !!!
chdir() to /Users/nanmuqingcheng/Desktop/ttsx
your processes number limit is 709
your memory page size is 4096 bytes
detected max file descriptor number: 256
lock engine: OSX spinlocks
thunder lock: disabled (you can enable it with --thunder-lock)
probably another instance of uWSGI is running on the same address (127.0.0.1:3309).
bind(): Address already in use [core/socket.c line 769]
*** Starting uWSGI 2.0.15 (64bit) on [Thu Nov  9 20:50:16 2017] ***
compiled with version: 4.2.1 Compatible Apple LLVM 9.0.0 (clang-900.0.38) on 08 November 2017 11:52:46
os: Darwin-16.7.0 Darwin Kernel Version 16.7.0: Thu Jun 15 17:36:27 PDT 2017; root:xnu-3789.70.16~2/RELEASE_X86_64
nodename: nanmuqingchengdeMacBook-Pro.local
machine: x86_64
clock source: unix
detected number of CPU cores: 4
current working directory: /Users/nanmuqingcheng/Desktop/ttsx/ttsx
writing pidfile to uwsgi.pid
detected binary path: /Users/nanmuqingcheng/Desktop/data/virtual/py_django/bin/uwsgi
!!! no internal routing support, rebuild with pcre support !!!
chdir() to /Users/nanmuqingcheng/Desktop/ttsx
your processes number limit is 709
your memory page size is 4096 bytes
detected max file descriptor number: 256
lock engine: OSX spinlocks
thunder lock: disabled (you can enable it with --thunder-lock)
probably another instance of uWSGI is running on the same address (127.0.0.1:3309).
bind(): Address already in use [core/socket.c line 769]
*** Starting uWSGI 2.0.15 (64bit) on [Thu Nov  9 20:50:25 2017] ***
compiled with version: 4.2.1 Compatible Apple LLVM 9.0.0 (clang-900.0.38) on 08 November 2017 11:52:46
os: Darwin-16.7.0 Darwin Kernel Version 16.7.0: Thu Jun 15 17:36:27 PDT 2017; root:xnu-3789.70.16~2/RELEASE_X86_64
nodename: nanmuqingchengdeMacBook-Pro.local
machine: x86_64
clock source: unix
detected number of CPU cores: 4
current working directory: /Users/nanmuqingcheng/Desktop/ttsx/ttsx
writing pidfile to uwsgi.pid
detected binary path: /Users/nanmuqingcheng/Desktop/data/virtual/py_django/bin/uwsgi
!!! no internal routing support, rebuild with pcre support !!!
chdir() to /Users/nanmuqingcheng/Desktop/ttsx
your processes number limit is 709
your memory page size is 4096 bytes
detected max file descriptor number: 256
building mime-types dictionary from file /etc/apache2/mime.types...1002 entry found
lock engine: OSX spinlocks
thunder lock: disabled (you can enable it with --thunder-lock)
probably another instance of uWSGI is running on the same address (127.0.0.1:3309).
bind(): Address already in use [core/socket.c line 769]
*** Starting uWSGI 2.0.15 (64bit) on [Thu Nov  9 20:50:31 2017] ***
compiled with version: 4.2.1 Compatible Apple LLVM 9.0.0 (clang-900.0.38) on 08 November 2017 11:52:46
os: Darwin-16.7.0 Darwin Kernel Version 16.7.0: Thu Jun 15 17:36:27 PDT 2017; root:xnu-3789.70.16~2/RELEASE_X86_64
nodename: nanmuqingchengdeMacBook-Pro.local
machine: x86_64
clock source: unix
detected number of CPU cores: 4
current working directory: /Users/nanmuqingcheng/Desktop/ttsx/ttsx
writing pidfile to uwsgi.pid
detected binary path: /Users/nanmuqingcheng/Desktop/data/virtual/py_django/bin/uwsgi
!!! no internal routing support, rebuild with pcre support !!!
chdir() to /Users/nanmuqingcheng/Desktop/ttsx
your processes number limit is 709
your memory page size is 4096 bytes
detected max file descriptor number: 256
building mime-types dictionary from file /etc/apache2/mime.types...1002 entry found
lock engine: OSX spinlocks
thunder lock: disabled (you can enable it with --thunder-lock)
probably another instance of uWSGI is running on the same address (127.0.0.1:3309).
bind(): Address already in use [core/socket.c line 769]
*** Starting uWSGI 2.0.15 (64bit) on [Thu Nov  9 20:50:49 2017] ***
compiled with version: 4.2.1 Compatible Apple LLVM 9.0.0 (clang-900.0.38) on 08 November 2017 11:52:46
os: Darwin-16.7.0 Darwin Kernel Version 16.7.0: Thu Jun 15 17:36:27 PDT 2017; root:xnu-3789.70.16~2/RELEASE_X86_64
nodename: nanmuqingchengdeMacBook-Pro.local
machine: x86_64
clock source: unix
detected number of CPU cores: 4
current working directory: /Users/nanmuqingcheng/Desktop/ttsx/ttsx
writing pidfile to uwsgi.pid
detected binary path: /Users/nanmuqingcheng/Desktop/data/virtual/py_django/bin/uwsgi
!!! no internal routing support, rebuild with pcre support !!!
chdir() to /Users/nanmuqingcheng/Desktop/ttsx
your processes number limit is 709
your memory page size is 4096 bytes
detected max file descriptor number: 256
lock engine: OSX spinlocks
thunder lock: disabled (you can enable it with --thunder-lock)
probably another instance of uWSGI is running on the same address (127.0.0.1:3309).
bind(): Address already in use [core/socket.c line 769]
*** Starting uWSGI 2.0.15 (64bit) on [Thu Nov  9 20:51:24 2017] ***
compiled with version: 4.2.1 Compatible Apple LLVM 9.0.0 (clang-900.0.38) on 08 November 2017 11:52:46
os: Darwin-16.7.0 Darwin Kernel Version 16.7.0: Thu Jun 15 17:36:27 PDT 2017; root:xnu-3789.70.16~2/RELEASE_X86_64
nodename: nanmuqingchengdeMacBook-Pro.local
machine: x86_64
clock source: unix
detected number of CPU cores: 4
current working directory: /Users/nanmuqingcheng/Desktop/ttsx/ttsx
writing pidfile to uwsgi.pid
detected binary path: /Users/nanmuqingcheng/Desktop/data/virtual/py_django/bin/uwsgi
!!! no internal routing support, rebuild with pcre support !!!
chdir() to /Users/nanmuqingcheng/Desktop/ttsx
your processes number limit is 709
your memory page size is 4096 bytes
detected max file descriptor number: 256
building mime-types dictionary from file /etc/apache2/mime.types...1002 entry found
lock engine: OSX spinlocks
thunder lock: disabled (you can enable it with --thunder-lock)
probably another instance of uWSGI is running on the same address (127.0.0.1:3309).
bind(): Address already in use [core/socket.c line 769]
*** Starting uWSGI 2.0.15 (64bit) on [Thu Nov  9 20:52:05 2017] ***
compiled with version: 4.2.1 Compatible Apple LLVM 9.0.0 (clang-900.0.38) on 08 November 2017 11:52:46
os: Darwin-16.7.0 Darwin Kernel Version 16.7.0: Thu Jun 15 17:36:27 PDT 2017; root:xnu-3789.70.16~2/RELEASE_X86_64
nodename: nanmuqingchengdeMacBook-Pro.local
machine: x86_64
clock source: unix
detected number of CPU cores: 4
current working directory: /Users/nanmuqingcheng/Desktop/ttsx/ttsx
writing pidfile to uwsgi.pid
detected binary path: /Users/nanmuqingcheng/Desktop/data/virtual/py_django/bin/uwsgi
!!! no internal routing support, rebuild with pcre support !!!
chdir() to /Users/nanmuqingcheng/Desktop/ttsx
your processes number limit is 709
your memory page size is 4096 bytes
detected max file descriptor number: 256
building mime-types dictionary from file /etc/apache2/mime.types...1002 entry found
lock engine: OSX spinlocks
thunder lock: disabled (you can enable it with --thunder-lock)
probably another instance of uWSGI is running on the same address (127.0.0.1:3309).
bind(): Address already in use [core/socket.c line 769]
*** Starting uWSGI 2.0.15 (64bit) on [Thu Nov  9 20:52:31 2017] ***
compiled with version: 4.2.1 Compatible Apple LLVM 9.0.0 (clang-900.0.38) on 08 November 2017 11:52:46
os: Darwin-16.7.0 Darwin Kernel Version 16.7.0: Thu Jun 15 17:36:27 PDT 2017; root:xnu-3789.70.16~2/RELEASE_X86_64
nodename: nanmuqingchengdeMacBook-Pro.local
machine: x86_64
clock source: unix
detected number of CPU cores: 4
current working directory: /Users/nanmuqingcheng/Desktop/ttsx/ttsx
writing pidfile to uwsgi.pid
detected binary path: /Users/nanmuqingcheng/Desktop/data/virtual/py_django/bin/uwsgi
!!! no internal routing support, rebuild with pcre support !!!
chdir() to /Users/nanmuqingcheng/Desktop/ttsx
your processes number limit is 709
your memory page size is 4096 bytes
detected max file descriptor number: 256
building mime-types dictionary from file /etc/apache2/mime.types...1002 entry found
lock engine: OSX spinlocks
thunder lock: disabled (you can enable it with --thunder-lock)
probably another instance of uWSGI is running on the same address (127.0.0.1:3309).
bind(): Address already in use [core/socket.c line 769]
*** Starting uWSGI 2.0.15 (64bit) on [Thu Nov  9 20:53:19 2017] ***
compiled with version: 4.2.1 Compatible Apple LLVM 9.0.0 (clang-900.0.38) on 08 November 2017 11:52:46
os: Darwin-16.7.0 Darwin Kernel Version 16.7.0: Thu Jun 15 17:36:27 PDT 2017; root:xnu-3789.70.16~2/RELEASE_X86_64
nodename: nanmuqingchengdeMacBook-Pro.local
machine: x86_64
clock source: unix
detected number of CPU cores: 4
current working directory: /Users/nanmuqingcheng/Desktop/ttsx/ttsx
writing pidfile to uwsgi.pid
detected binary path: /Users/nanmuqingcheng/Desktop/data/virtual/py_django/bin/uwsgi
!!! no internal routing support, rebuild with pcre support !!!
chdir() to /Users/nanmuqingcheng/Desktop/ttsx
your processes number limit is 709
your memory page size is 4096 bytes
detected max file descriptor number: 256
building mime-types dictionary from file /etc/apache2/mime.types...1002 entry found
lock engine: OSX spinlocks
thunder lock: disabled (you can enable it with --thunder-lock)
probably another instance of uWSGI is running on the same address (127.0.0.1:3309).
bind(): Address already in use [core/socket.c line 769]
*** Starting uWSGI 2.0.15 (64bit) on [Thu Nov  9 20:53:39 2017] ***
compiled with version: 4.2.1 Compatible Apple LLVM 9.0.0 (clang-900.0.38) on 08 November 2017 11:52:46
os: Darwin-16.7.0 Darwin Kernel Version 16.7.0: Thu Jun 15 17:36:27 PDT 2017; root:xnu-3789.70.16~2/RELEASE_X86_64
nodename: nanmuqingchengdeMacBook-Pro.local
machine: x86_64
clock source: unix
detected number of CPU cores: 4
current working directory: /Users/nanmuqingcheng/Desktop/ttsx/ttsx
writing pidfile to uwsgi.pid
detected binary path: /Users/nanmuqingcheng/Desktop/data/virtual/py_django/bin/uwsgi
!!! no internal routing support, rebuild with pcre support !!!
chdir() to /Users/nanmuqingcheng/Desktop/ttsx
your processes number limit is 709
your memory page size is 4096 bytes
detected max file descriptor number: 256
lock engine: OSX spinlocks
thunder lock: disabled (you can enable it with --thunder-lock)
probably another instance of uWSGI is running on the same address (127.0.0.1:3309).
bind(): Address already in use [core/socket.c line 769]
*** Starting uWSGI 2.0.15 (64bit) on [Thu Nov  9 20:57:40 2017] ***
compiled with version: 4.2.1 Compatible Apple LLVM 9.0.0 (clang-900.0.38) on 08 November 2017 11:52:46
os: Darwin-16.7.0 Darwin Kernel Version 16.7.0: Thu Jun 15 17:36:27 PDT 2017; root:xnu-3789.70.16~2/RELEASE_X86_64
nodename: nanmuqingchengdeMacBook-Pro.local
machine: x86_64
clock source: unix
detected number of CPU cores: 4
current working directory: /Users/nanmuqingcheng/Desktop/ttsx/ttsx
writing pidfile to uwsgi.pid
detected binary path: /Users/nanmuqingcheng/Desktop/data/virtual/py_django/bin/uwsgi
!!! no internal routing support, rebuild with pcre support !!!
chdir() to /Users/nanmuqingcheng/Desktop/ttsx
your processes number limit is 709
your memory page size is 4096 bytes
detected max file descriptor number: 256
lock engine: OSX spinlocks
thunder lock: disabled (you can enable it with --thunder-lock)
uWSGI http bound on 127.0.0.1:3309 fd 4
uwsgi socket 0 bound to TCP address 127.0.0.1:54882 (port auto-assigned) fd 3
Python version: 3.6.2 (default, Jul 17 2017, 16:44:45)  [GCC 4.2.1 Compatible Apple LLVM 8.1.0 (clang-802.0.42)]
Python main interpreter initialized at 0x7fe85a01c000
python threads support enabled
your server socket listen backlog is limited to 100 connections
your mercy for graceful operations on workers is 60 seconds
mapped 310848 bytes (303 KB) for 8 cores
*** Operational MODE: preforking+threaded ***
Traceback (most recent call last):
  File "ttsx/wsgi.py", line 12, in <module>
    from django.core.wsgi import get_wsgi_application
ModuleNotFoundError: No module named 'django'
unable to load app 0 (mountpoint='') (callable not found or import error)
*** no app loaded. going in full dynamic mode ***
*** uWSGI is running in multiple interpreter mode ***
spawned uWSGI master process (pid: 2378)
spawned uWSGI worker 1 (pid: 2379, cores: 4)
spawned uWSGI worker 2 (pid: 2380, cores: 4)
spawned uWSGI http 1 (pid: 2381)
*** Starting uWSGI 2.0.15 (64bit) on [Thu Nov  9 20:57:50 2017] ***
compiled with version: 4.2.1 Compatible Apple LLVM 9.0.0 (clang-900.0.38) on 08 November 2017 11:52:46
os: Darwin-16.7.0 Darwin Kernel Version 16.7.0: Thu Jun 15 17:36:27 PDT 2017; root:xnu-3789.70.16~2/RELEASE_X86_64
nodename: nanmuqingchengdeMacBook-Pro.local
machine: x86_64
clock source: unix
detected number of CPU cores: 4
current working directory: /Users/nanmuqingcheng/Desktop/ttsx/ttsx
writing pidfile to uwsgi.pid
detected binary path: /Users/nanmuqingcheng/Desktop/data/virtual/py_django/bin/uwsgi
!!! no internal routing support, rebuild with pcre support !!!
chdir() to /Users/nanmuqingcheng/Desktop/ttsx
your processes number limit is 709
your memory page size is 4096 bytes
detected max file descriptor number: 256
lock engine: OSX spinlocks
thunder lock: disabled (you can enable it with --thunder-lock)
uWSGI http bound on 127.0.0.1:3309 fd 4
uwsgi socket 0 bound to TCP address 127.0.0.1:54883 (port auto-assigned) fd 3
Python version: 3.6.2 (default, Jul 17 2017, 16:44:45)  [GCC 4.2.1 Compatible Apple LLVM 8.1.0 (clang-802.0.42)]
Python main interpreter initialized at 0x7fe2a981c000
python threads support enabled
your server socket listen backlog is limited to 100 connections
your mercy for graceful operations on workers is 60 seconds
mapped 310848 bytes (303 KB) for 8 cores
*** Operational MODE: preforking+threaded ***
Traceback (most recent call last):
  File "ttsx/wsgi.py", line 12, in <module>
    from django.core.wsgi import get_wsgi_application
ModuleNotFoundError: No module named 'django'
unable to load app 0 (mountpoint='') (callable not found or import error)
*** no app loaded. going in full dynamic mode ***
*** uWSGI is running in multiple interpreter mode ***
spawned uWSGI master process (pid: 2389)
spawned uWSGI worker 1 (pid: 2390, cores: 4)
spawned uWSGI worker 2 (pid: 2391, cores: 4)
spawned uWSGI http 1 (pid: 2392)
*** Starting uWSGI 2.0.15 (64bit) on [Thu Nov  9 20:58:09 2017] ***
compiled with version: 4.2.1 Compatible Apple LLVM 9.0.0 (clang-900.0.38) on 08 November 2017 11:52:46
os: Darwin-16.7.0 Darwin Kernel Version 16.7.0: Thu Jun 15 17:36:27 PDT 2017; root:xnu-3789.70.16~2/RELEASE_X86_64
nodename: nanmuqingchengdeMacBook-Pro.local
machine: x86_64
clock source: unix
detected number of CPU cores: 4
current working directory: /Users/nanmuqingcheng/Desktop/ttsx/ttsx
writing pidfile to uwsgi.pid
detected binary path: /Users/nanmuqingcheng/Desktop/data/virtual/py_django/bin/uwsgi
!!! no internal routing support, rebuild with pcre support !!!
chdir() to /Users/nanmuqingcheng/Desktop/ttsx
your processes number limit is 709
your memory page size is 4096 bytes
detected max file descriptor number: 256
lock engine: OSX spinlocks
thunder lock: disabled (you can enable it with --thunder-lock)
uWSGI http bound on 127.0.0.1:3309 fd 4
uwsgi socket 0 bound to TCP address 127.0.0.1:54884 (port auto-assigned) fd 3
Python version: 3.6.2 (default, Jul 17 2017, 16:44:45)  [GCC 4.2.1 Compatible Apple LLVM 8.1.0 (clang-802.0.42)]
Python main interpreter initialized at 0x7ff542818400
python threads support enabled
your server socket listen backlog is limited to 100 connections
your mercy for graceful operations on workers is 60 seconds
mapped 310848 bytes (303 KB) for 8 cores
*** Operational MODE: preforking+threaded ***
Traceback (most recent call last):
  File "ttsx/wsgi.py", line 12, in <module>
    from django.core.wsgi import get_wsgi_application
ModuleNotFoundError: No module named 'django'
unable to load app 0 (mountpoint='') (callable not found or import error)
*** no app loaded. going in full dynamic mode ***
*** uWSGI is running in multiple interpreter mode ***
spawned uWSGI master process (pid: 2409)
spawned uWSGI worker 1 (pid: 2410, cores: 4)
spawned uWSGI worker 2 (pid: 2411, cores: 4)
spawned uWSGI http 1 (pid: 2412)
*** Starting uWSGI 2.0.15 (64bit) on [Thu Nov  9 20:58:48 2017] ***
compiled with version: 4.2.1 Compatible Apple LLVM 9.0.0 (clang-900.0.38) on 08 November 2017 11:52:46
os: Darwin-16.7.0 Darwin Kernel Version 16.7.0: Thu Jun 15 17:36:27 PDT 2017; root:xnu-3789.70.16~2/RELEASE_X86_64
nodename: nanmuqingchengdeMacBook-Pro.local
machine: x86_64
clock source: unix
detected number of CPU cores: 4
current working directory: /Users/nanmuqingcheng/Desktop/ttsx/ttsx
writing pidfile to uwsgi.pid
detected binary path: /Users/nanmuqingcheng/Desktop/data/virtual/py_django/bin/uwsgi
!!! no internal routing support, rebuild with pcre support !!!
chdir() to /Users/nanmuqingcheng/Desktop/ttsx
your processes number limit is 709
your memory page size is 4096 bytes
detected max file descriptor number: 256
building mime-types dictionary from file /etc/apache2/mime.types...1002 entry found
lock engine: OSX spinlocks
thunder lock: disabled (you can enable it with --thunder-lock)
uWSGI http bound on 127.0.0.1:3309 fd 4
uwsgi socket 0 bound to TCP address 127.0.0.1:54885 (port auto-assigned) fd 3
Python version: 3.6.2 (default, Jul 17 2017, 16:44:45)  [GCC 4.2.1 Compatible Apple LLVM 8.1.0 (clang-802.0.42)]
Python main interpreter initialized at 0x7fef9883ec00
python threads support enabled
your server socket listen backlog is limited to 100 connections
your mercy for graceful operations on workers is 60 seconds
mapped 310848 bytes (303 KB) for 8 cores
*** Operational MODE: preforking+threaded ***
Traceback (most recent call last):
  File "ttsx/wsgi.py", line 12, in <module>
    from django.core.wsgi import get_wsgi_application
ModuleNotFoundError: No module named 'django'
unable to load app 0 (mountpoint='') (callable not found or import error)
*** no app loaded. going in full dynamic mode ***
*** uWSGI is running in multiple interpreter mode ***
spawned uWSGI master process (pid: 2422)
spawned uWSGI worker 1 (pid: 2423, cores: 4)
spawned uWSGI worker 2 (pid: 2424, cores: 4)
spawned uWSGI http 1 (pid: 2425)
*** Starting uWSGI 2.0.15 (64bit) on [Thu Nov  9 20:59:09 2017] ***
compiled with version: 4.2.1 Compatible Apple LLVM 9.0.0 (clang-900.0.38) on 08 November 2017 11:52:46
os: Darwin-16.7.0 Darwin Kernel Version 16.7.0: Thu Jun 15 17:36:27 PDT 2017; root:xnu-3789.70.16~2/RELEASE_X86_64
nodename: nanmuqingchengdeMacBook-Pro.local
machine: x86_64
clock source: unix
detected number of CPU cores: 4
current working directory: /Users/nanmuqingcheng/Desktop/ttsx/ttsx
writing pidfile to uwsgi.pid
detected binary path: /Users/nanmuqingcheng/Desktop/data/virtual/py_django/bin/uwsgi
!!! no internal routing support, rebuild with pcre support !!!
chdir() to /Users/nanmuqingcheng/Desktop/ttsx
your processes number limit is 709
your memory page size is 4096 bytes
detected max file descriptor number: 256
building mime-types dictionary from file /etc/apache2/mime.types...1002 entry found
lock engine: OSX spinlocks
thunder lock: disabled (you can enable it with --thunder-lock)
uWSGI http bound on 127.0.0.1:3309 fd 4
uwsgi socket 0 bound to TCP address 127.0.0.1:54888 (port auto-assigned) fd 3
Python version: 3.6.2 (default, Jul 17 2017, 16:44:45)  [GCC 4.2.1 Compatible Apple LLVM 8.1.0 (clang-802.0.42)]
Python main interpreter initialized at 0x7f9d3703f200
python threads support enabled
your server socket listen backlog is limited to 100 connections
your mercy for graceful operations on workers is 60 seconds
mapped 310848 bytes (303 KB) for 8 cores
*** Operational MODE: preforking+threaded ***
Traceback (most recent call last):
  File "ttsx/wsgi.py", line 12, in <module>
    from django.core.wsgi import get_wsgi_application
ModuleNotFoundError: No module named 'django'
unable to load app 0 (mountpoint='') (callable not found or import error)
*** no app loaded. going in full dynamic mode ***
*** uWSGI is running in multiple interpreter mode ***
spawned uWSGI master process (pid: 2435)
spawned uWSGI worker 1 (pid: 2436, cores: 4)
spawned uWSGI worker 2 (pid: 2437, cores: 4)
spawned uWSGI http 1 (pid: 2438)
*** Starting uWSGI 2.0.15 (64bit) on [Thu Nov  9 21:00:35 2017] ***
compiled with version: 4.2.1 Compatible Apple LLVM 9.0.0 (clang-900.0.38) on 08 November 2017 11:52:46
os: Darwin-16.7.0 Darwin Kernel Version 16.7.0: Thu Jun 15 17:36:27 PDT 2017; root:xnu-3789.70.16~2/RELEASE_X86_64
nodename: nanmuqingchengdeMacBook-Pro.local
machine: x86_64
clock source: unix
detected number of CPU cores: 4
current working directory: /Users/nanmuqingcheng/Desktop/ttsx/ttsx
writing pidfile to uwsgi.pid
detected binary path: /Users/nanmuqingcheng/Desktop/data/virtual/py_django/bin/uwsgi
!!! no internal routing support, rebuild with pcre support !!!
chdir() to /Users/nanmuqingcheng/Desktop/ttsx
your processes number limit is 709
your memory page size is 4096 bytes
detected max file descriptor number: 256
building mime-types dictionary from file /etc/apache2/mime.types...1002 entry found
lock engine: OSX spinlocks
thunder lock: disabled (you can enable it with --thunder-lock)
uWSGI http bound on 127.0.0.1:3309 fd 4
uwsgi socket 0 bound to TCP address 127.0.0.1:54894 (port auto-assigned) fd 3
Python version: 3.6.2 (default, Jul 17 2017, 16:44:45)  [GCC 4.2.1 Compatible Apple LLVM 8.1.0 (clang-802.0.42)]
Python main interpreter initialized at 0x7f94a1841600
python threads support enabled
your server socket listen backlog is limited to 100 connections
your mercy for graceful operations on workers is 60 seconds
mapped 310848 bytes (303 KB) for 8 cores
*** Operational MODE: preforking+threaded ***
Traceback (most recent call last):
  File "ttsx/wsgi.py", line 12, in <module>
    from django.core.wsgi import get_wsgi_application
ModuleNotFoundError: No module named 'django'
unable to load app 0 (mountpoint='') (callable not found or import error)
*** no app loaded. going in full dynamic mode ***
*** uWSGI is running in multiple interpreter mode ***
spawned uWSGI master process (pid: 2538)
spawned uWSGI worker 1 (pid: 2539, cores: 4)
spawned uWSGI worker 2 (pid: 2540, cores: 4)
spawned uWSGI http 1 (pid: 2541)
*** Starting uWSGI 2.0.15 (64bit) on [Thu Nov  9 21:12:15 2017] ***
compiled with version: 4.2.1 Compatible Apple LLVM 9.0.0 (clang-900.0.38) on 08 November 2017 11:52:46
os: Darwin-16.7.0 Darwin Kernel Version 16.7.0: Thu Jun 15 17:36:27 PDT 2017; root:xnu-3789.70.16~2/RELEASE_X86_64
nodename: nanmuqingchengdeMacBook-Pro.local
machine: x86_64
clock source: unix
detected number of CPU cores: 4
current working directory: /Users/nanmuqingcheng/Desktop/ttsx/ttsx
writing pidfile to uwsgi.pid
detected binary path: /Users/nanmuqingcheng/Desktop/data/virtual/py_django/bin/uwsgi
!!! no internal routing support, rebuild with pcre support !!!
chdir() to /Users/nanmuqingcheng/Desktop/ttsx
your processes number limit is 709
your memory page size is 4096 bytes
detected max file descriptor number: 256
building mime-types dictionary from file /etc/apache2/mime.types...1002 entry found
lock engine: OSX spinlocks
thunder lock: disabled (you can enable it with --thunder-lock)
uwsgi socket 0 bound to TCP address 127.0.0.1:3309 fd 3
Python version: 3.6.2 (default, Jul 17 2017, 16:44:45)  [GCC 4.2.1 Compatible Apple LLVM 8.1.0 (clang-802.0.42)]
Python main interpreter initialized at 0x7fc4f402b600
python threads support enabled
your server socket listen backlog is limited to 100 connections
your mercy for graceful operations on workers is 60 seconds
mapped 310848 bytes (303 KB) for 8 cores
*** Operational MODE: preforking+threaded ***
Traceback (most recent call last):
  File "ttsx/wsgi.py", line 12, in <module>
    from django.core.wsgi import get_wsgi_application
ModuleNotFoundError: No module named 'django'
unable to load app 0 (mountpoint='') (callable not found or import error)
*** no app loaded. going in full dynamic mode ***
*** uWSGI is running in multiple interpreter mode ***
spawned uWSGI master process (pid: 2690)
spawned uWSGI worker 1 (pid: 2691, cores: 4)
spawned uWSGI worker 2 (pid: 2692, cores: 4)
*** Starting uWSGI 2.0.15 (64bit) on [Thu Nov  9 21:12:27 2017] ***
compiled with version: 4.2.1 Compatible Apple LLVM 9.0.0 (clang-900.0.38) on 08 November 2017 11:52:46
os: Darwin-16.7.0 Darwin Kernel Version 16.7.0: Thu Jun 15 17:36:27 PDT 2017; root:xnu-3789.70.16~2/RELEASE_X86_64
nodename: nanmuqingchengdeMacBook-Pro.local
machine: x86_64
clock source: unix
detected number of CPU cores: 4
current working directory: /Users/nanmuqingcheng/Desktop/ttsx/ttsx
writing pidfile to uwsgi.pid
detected binary path: /Users/nanmuqingcheng/Desktop/data/virtual/py_django/bin/uwsgi
!!! no internal routing support, rebuild with pcre support !!!
chdir() to /Users/nanmuqingcheng/Desktop/ttsx
your processes number limit is 709
your memory page size is 4096 bytes
detected max file descriptor number: 256
lock engine: OSX spinlocks
thunder lock: disabled (you can enable it with --thunder-lock)
probably another instance of uWSGI is running on the same address (127.0.0.1:3309).
bind(): Address already in use [core/socket.c line 769]
invalid request block size: 21573 (max 4096)...skip
invalid request block size: 21573 (max 4096)...skip
invalid request block size: 21573 (max 4096)...skip
invalid request block size: 21573 (max 4096)...skip
invalid request block size: 21573 (max 4096)...skip
invalid request block size: 21573 (max 4096)...skip
invalid request block size: 21573 (max 4096)...skip
invalid request block size: 21573 (max 4096)...skip
invalid request block size: 21573 (max 4096)...skip
invalid request block size: 21573 (max 4096)...skip
invalid request block size: 21573 (max 4096)...skip
invalid request block size: 21573 (max 4096)...skip
invalid request block size: 21573 (max 4096)...skip
invalid request block size: 21573 (max 4096)...skip
invalid request block size: 21573 (max 4096)...skip
invalid request block size: 21573 (max 4096)...skip
invalid request block size: 21573 (max 4096)...skip
invalid request block size: 21573 (max 4096)...skip
invalid request block size: 21573 (max 4096)...skip
invalid request block size: 21573 (max 4096)...skip
invalid request block size: 21573 (max 4096)...skip
invalid request block size: 21573 (max 4096)...skip
invalid request block size: 21573 (max 4096)...skip
invalid request block size: 21573 (max 4096)...skip
invalid request block size: 21573 (max 4096)...skip
invalid request block size: 21573 (max 4096)...skip
invalid request block size: 21573 (max 4096)...skip
invalid request block size: 21573 (max 4096)...skip
invalid request block size: 21573 (max 4096)...skip
DAMN ! worker 2 (pid: 2692) died, killed by signal 9 :( trying respawn ...
Respawned uWSGI worker 2 (new pid: 3077)
DAMN ! worker 1 (pid: 2691) died, killed by signal 9 :( trying respawn ...
Respawned uWSGI worker 1 (new pid: 3078)
Thu Nov  9 21:29:50 2017 - uWSGI worker 1 screams: UAAAAAAH my master disconnected: i will kill myself !!!
Thu Nov  9 21:29:50 2017 - uWSGI worker 2 screams: UAAAAAAH my master disconnected: i will kill myself !!!
Thu Nov  9 21:29:50 2017 - uWSGI worker 1 screams: UAAAAAAH my master disconnected: i will kill myself !!!
Thu Nov  9 21:29:50 2017 - uWSGI worker 2 screams: UAAAAAAH my master disconnected: i will kill myself !!!
